  Kontener227807.cpp
  Zadanie zaliczeniowe.cpp
c:\users\pier\source\repos\zadanie zaliczeniowe\zadanie zaliczeniowe\zadanie zaliczeniowe.cpp(14): error C2679: dwuargumentowy "<<": nie znaleziono żadnego operatora, który przyjmuje prawostronny operand typu "Figura227807" (lub nie istnieje akceptowalna konwersja)
  c:\program files (x86)\microsoft visual studio\2017\enterprise\vc\tools\msvc\14.16.27023\include\ostream(508): note: może to być „std::basic_ostream<char,std::char_traits<char>> &std::basic_ostream<char,std::char_traits<char>>::operator <<(std::basic_streambuf<char,std::char_traits<char>> *)”
  c:\program files (x86)\microsoft visual studio\2017\enterprise\vc\tools\msvc\14.16.27023\include\ostream(480): note: lub       "std::basic_ostream<char,std::char_traits<char>> &std::basic_ostream<char,std::char_traits<char>>::operator <<(const void *)"
  c:\program files (x86)\microsoft visual studio\2017\enterprise\vc\tools\msvc\14.16.27023\include\ostream(460): note: lub       "std::basic_ostream<char,std::char_traits<char>> &std::basic_ostream<char,std::char_traits<char>>::operator <<(long double)"
  c:\program files (x86)\microsoft visual studio\2017\enterprise\vc\tools\msvc\14.16.27023\include\ostream(440): note: lub       "std::basic_ostream<char,std::char_traits<char>> &std::basic_ostream<char,std::char_traits<char>>::operator <<(double)"
  c:\program files (x86)\microsoft visual studio\2017\enterprise\vc\tools\msvc\14.16.27023\include\ostream(420): note: lub       "std::basic_ostream<char,std::char_traits<char>> &std::basic_ostream<char,std::char_traits<char>>::operator <<(float)"
  c:\program files (x86)\microsoft visual studio\2017\enterprise\vc\tools\msvc\14.16.27023\include\ostream(400): note: lub       "std::basic_ostream<char,std::char_traits<char>> &std::basic_ostream<char,std::char_traits<char>>::operator <<(unsigned __int64)"
  c:\program files (x86)\microsoft visual studio\2017\enterprise\vc\tools\msvc\14.16.27023\include\ostream(380): note: lub       "std::basic_ostream<char,std::char_traits<char>> &std::basic_ostream<char,std::char_traits<char>>::operator <<(__int64)"
  c:\program files (x86)\microsoft visual studio\2017\enterprise\vc\tools\msvc\14.16.27023\include\ostream(360): note: lub       "std::basic_ostream<char,std::char_traits<char>> &std::basic_ostream<char,std::char_traits<char>>::operator <<(unsigned long)"
  c:\program files (x86)\microsoft visual studio\2017\enterprise\vc\tools\msvc\14.16.27023\include\ostream(340): note: lub       "std::basic_ostream<char,std::char_traits<char>> &std::basic_ostream<char,std::char_traits<char>>::operator <<(long)"
  c:\program files (x86)\microsoft visual studio\2017\enterprise\vc\tools\msvc\14.16.27023\include\ostream(320): note: lub       "std::basic_ostream<char,std::char_traits<char>> &std::basic_ostream<char,std::char_traits<char>>::operator <<(unsigned int)"
  c:\program files (x86)\microsoft visual studio\2017\enterprise\vc\tools\msvc\14.16.27023\include\ostream(295): note: lub       "std::basic_ostream<char,std::char_traits<char>> &std::basic_ostream<char,std::char_traits<char>>::operator <<(int)"
  c:\program files (x86)\microsoft visual studio\2017\enterprise\vc\tools\msvc\14.16.27023\include\ostream(275): note: lub       "std::basic_ostream<char,std::char_traits<char>> &std::basic_ostream<char,std::char_traits<char>>::operator <<(unsigned short)"
  c:\program files (x86)\microsoft visual studio\2017\enterprise\vc\tools\msvc\14.16.27023\include\ostream(241): note: lub       "std::basic_ostream<char,std::char_traits<char>> &std::basic_ostream<char,std::char_traits<char>>::operator <<(short)"
  c:\program files (x86)\microsoft visual studio\2017\enterprise\vc\tools\msvc\14.16.27023\include\ostream(221): note: lub       "std::basic_ostream<char,std::char_traits<char>> &std::basic_ostream<char,std::char_traits<char>>::operator <<(bool)"
  c:\program files (x86)\microsoft visual studio\2017\enterprise\vc\tools\msvc\14.16.27023\include\ostream(215): note: lub       "std::basic_ostream<char,std::char_traits<char>> &std::basic_ostream<char,std::char_traits<char>>::operator <<(std::ios_base &(__cdecl *)(std::ios_base &))"
  c:\program files (x86)\microsoft visual studio\2017\enterprise\vc\tools\msvc\14.16.27023\include\ostream(209): note: lub       "std::basic_ostream<char,std::char_traits<char>> &std::basic_ostream<char,std::char_traits<char>>::operator <<(std::basic_ios<char,std::char_traits<char>> &(__cdecl *)(std::basic_ios<char,std::char_traits<char>> &))"
  c:\program files (x86)\microsoft visual studio\2017\enterprise\vc\tools\msvc\14.16.27023\include\ostream(204): note: lub       "std::basic_ostream<char,std::char_traits<char>> &std::basic_ostream<char,std::char_traits<char>>::operator <<(std::basic_ostream<char,std::char_traits<char>> &(__cdecl *)(std::basic_ostream<char,std::char_traits<char>> &))"
  c:\program files (x86)\microsoft visual studio\2017\enterprise\vc\tools\msvc\14.16.27023\include\ostream(1047): note: lub       "std::basic_ostream<char,std::char_traits<char>> &std::operator <<<char,std::char_traits<char>>(std::basic_ostream<char,std::char_traits<char>> &,const std::error_code &)"
  c:\program files (x86)\microsoft visual studio\2017\enterprise\vc\tools\msvc\14.16.27023\include\ostream(981): note: lub       "std::basic_ostream<char,std::char_traits<char>> &std::operator <<<std::char_traits<char>>(std::basic_ostream<char,std::char_traits<char>> &,unsigned char)"
  c:\program files (x86)\microsoft visual studio\2017\enterprise\vc\tools\msvc\14.16.27023\include\ostream(974): note: lub       "std::basic_ostream<char,std::char_traits<char>> &std::operator <<<std::char_traits<char>>(std::basic_ostream<char,std::char_traits<char>> &,const unsigned char *)"
  c:\program files (x86)\microsoft visual studio\2017\enterprise\vc\tools\msvc\14.16.27023\include\ostream(967): note: lub       "std::basic_ostream<char,std::char_traits<char>> &std::operator <<<std::char_traits<char>>(std::basic_ostream<char,std::char_traits<char>> &,signed char)"
  c:\program files (x86)\microsoft visual studio\2017\enterprise\vc\tools\msvc\14.16.27023\include\ostream(960): note: lub       "std::basic_ostream<char,std::char_traits<char>> &std::operator <<<std::char_traits<char>>(std::basic_ostream<char,std::char_traits<char>> &,const signed char *)"
  c:\program files (x86)\microsoft visual studio\2017\enterprise\vc\tools\msvc\14.16.27023\include\ostream(834): note: lub       "std::basic_ostream<char,std::char_traits<char>> &std::operator <<<std::char_traits<char>>(std::basic_ostream<char,std::char_traits<char>> &,char)"
  c:\program files (x86)\microsoft visual studio\2017\enterprise\vc\tools\msvc\14.16.27023\include\ostream(787): note: lub       "std::basic_ostream<char,std::char_traits<char>> &std::operator <<<std::char_traits<char>>(std::basic_ostream<char,std::char_traits<char>> &,const char *)"
  c:\program files (x86)\microsoft visual studio\2017\enterprise\vc\tools\msvc\14.16.27023\include\ostream(749): note: lub       "std::basic_ostream<char,std::char_traits<char>> &std::operator <<<char,std::char_traits<char>>(std::basic_ostream<char,std::char_traits<char>> &,char)"
  c:\program files (x86)\microsoft visual studio\2017\enterprise\vc\tools\msvc\14.16.27023\include\ostream(702): note: lub       "std::basic_ostream<char,std::char_traits<char>> &std::operator <<<char,std::char_traits<char>>(std::basic_ostream<char,std::char_traits<char>> &,const char *)"
  c:\users\pier\source\repos\zadanie zaliczeniowe\zadanie zaliczeniowe\zadanie zaliczeniowe.cpp(14): note: podczas próby dopasowania listy argumentów "(std::ostream, Figura227807)"
c:\users\pier\source\repos\zadanie zaliczeniowe\zadanie zaliczeniowe\zadanie zaliczeniowe.cpp(49): error C2248: "Kontener227807::Kontener227807": nie można uzyskać dostępu do private składowa zadeklarowanych w klasie "Kontener227807"
  c:\users\pier\source\repos\zadanie zaliczeniowe\zadanie zaliczeniowe\kontener227807.h(5): note: zobacz deklarację „Kontener227807::Kontener227807”
  c:\users\pier\source\repos\zadanie zaliczeniowe\zadanie zaliczeniowe\kontener227807.h(3): note: zobacz deklarację „Kontener227807”
c:\users\pier\source\repos\zadanie zaliczeniowe\zadanie zaliczeniowe\zadanie zaliczeniowe.cpp(50): error C2664: „void Kontener227807::dodaj(Figura227807)”: nie można dokonać konwersji argumentu 1 z „Kwadrat227807 *” do „Figura227807”
  c:\users\pier\source\repos\zadanie zaliczeniowe\zadanie zaliczeniowe\zadanie zaliczeniowe.cpp(50): note: Żaden konstruktor nie mógł przyjąć typu źródłowego lub rozpoznanie przeciążenia konstruktora było niejednoznaczne
c:\users\pier\source\repos\zadanie zaliczeniowe\zadanie zaliczeniowe\zadanie zaliczeniowe.cpp(51): error C2664: „void Kontener227807::dodaj(Figura227807)”: nie można dokonać konwersji argumentu 1 z „Kwadrat227807 *” do „Figura227807”
  c:\users\pier\source\repos\zadanie zaliczeniowe\zadanie zaliczeniowe\zadanie zaliczeniowe.cpp(51): note: Żaden konstruktor nie mógł przyjąć typu źródłowego lub rozpoznanie przeciążenia konstruktora było niejednoznaczne
c:\users\pier\source\repos\zadanie zaliczeniowe\zadanie zaliczeniowe\zadanie zaliczeniowe.cpp(52): error C2248: "Kontener227807::wswietl": nie można uzyskać dostępu do private składowa zadeklarowanych w klasie "Kontener227807"
  c:\users\pier\source\repos\zadanie zaliczeniowe\zadanie zaliczeniowe\kontener227807.h(7): note: zobacz deklarację „Kontener227807::wswietl”
  c:\users\pier\source\repos\zadanie zaliczeniowe\zadanie zaliczeniowe\kontener227807.h(3): note: zobacz deklarację „Kontener227807”
c:\users\pier\source\repos\zadanie zaliczeniowe\zadanie zaliczeniowe\zadanie zaliczeniowe.cpp(53): error C2664: „void Kontener227807::dodaj(Figura227807)”: nie można dokonać konwersji argumentu 1 z „Prostokat227807 *” do „Figura227807”
  c:\users\pier\source\repos\zadanie zaliczeniowe\zadanie zaliczeniowe\zadanie zaliczeniowe.cpp(53): note: Żaden konstruktor nie mógł przyjąć typu źródłowego lub rozpoznanie przeciążenia konstruktora było niejednoznaczne
c:\users\pier\source\repos\zadanie zaliczeniowe\zadanie zaliczeniowe\zadanie zaliczeniowe.cpp(54): error C2664: „void Kontener227807::dodaj(Figura227807)”: nie można dokonać konwersji argumentu 1 z „Czworokat227807 *” do „Figura227807”
  c:\users\pier\source\repos\zadanie zaliczeniowe\zadanie zaliczeniowe\zadanie zaliczeniowe.cpp(54): note: Żaden konstruktor nie mógł przyjąć typu źródłowego lub rozpoznanie przeciążenia konstruktora było niejednoznaczne
c:\users\pier\source\repos\zadanie zaliczeniowe\zadanie zaliczeniowe\zadanie zaliczeniowe.cpp(55): error C2248: "Kontener227807::wswietl": nie można uzyskać dostępu do private składowa zadeklarowanych w klasie "Kontener227807"
  c:\users\pier\source\repos\zadanie zaliczeniowe\zadanie zaliczeniowe\kontener227807.h(7): note: zobacz deklarację „Kontener227807::wswietl”
  c:\users\pier\source\repos\zadanie zaliczeniowe\zadanie zaliczeniowe\kontener227807.h(3): note: zobacz deklarację „Kontener227807”
c:\users\pier\source\repos\zadanie zaliczeniowe\zadanie zaliczeniowe\zadanie zaliczeniowe.cpp(56): error C2248: "Kontener227807::iloscFigur": nie można uzyskać dostępu do private składowa zadeklarowanych w klasie "Kontener227807"
  c:\users\pier\source\repos\zadanie zaliczeniowe\zadanie zaliczeniowe\kontener227807.h(8): note: zobacz deklarację „Kontener227807::iloscFigur”
  c:\users\pier\source\repos\zadanie zaliczeniowe\zadanie zaliczeniowe\kontener227807.h(3): note: zobacz deklarację „Kontener227807”
  Generowanie kodu...
